D:\VISUAL STUDIO 2012\C++PROJECTS\EDIFIER\EDIFIER\DEBUG\MAIN.OBJ
D:\VISUAL STUDIO 2012\C++PROJECTS\EDIFIER\EDIFIER\DEBUG\VC110.PDB
D:\visual studio 2012\C++Projects\EDIFIER\Debug\EDIFIER.lib
D:\visual studio 2012\C++Projects\EDIFIER\Debug\EDIFIER.exp
D:\VISUAL STUDIO 2012\C++PROJECTS\EDIFIER\DEBUG\EDIFIER.ILK
D:\VISUAL STUDIO 2012\C++PROJECTS\EDIFIER\DEBUG\EDIFIER.EXE
D:\VISUAL STUDIO 2012\C++PROJECTS\EDIFIER\DEBUG\EDIFIER.PDB
D:\visual studio 2012\C++Projects\EDIFIER\EDIFIER\Debug\cl.command.1.tlog
D:\visual studio 2012\C++Projects\EDIFIER\EDIFIER\Debug\CL.read.1.tlog
D:\visual studio 2012\C++Projects\EDIFIER\EDIFIER\Debug\CL.write.1.tlog
D:\visual studio 2012\C++Projects\EDIFIER\EDIFIER\Debug\EDIFIER.write.1.tlog
D:\visual studio 2012\C++Projects\EDIFIER\EDIFIER\Debug\link-cvtres.read.1.tlog
D:\visual studio 2012\C++Projects\EDIFIER\EDIFIER\Debug\link-cvtres.write.1.tlog
D:\visual studio 2012\C++Projects\EDIFIER\EDIFIER\Debug\link-rc.read.1.tlog
D:\visual studio 2012\C++Projects\EDIFIER\EDIFIER\Debug\link-rc.write.1.tlog
D:\visual studio 2012\C++Projects\EDIFIER\EDIFIER\Debug\link.10312-cvtres.read.1.tlog
D:\visual studio 2012\C++Projects\EDIFIER\EDIFIER\Debug\link.10312-cvtres.write.1.tlog
D:\visual studio 2012\C++Projects\EDIFIER\EDIFIER\Debug\link.10312-rc.read.1.tlog
D:\visual studio 2012\C++Projects\EDIFIER\EDIFIER\Debug\link.10312-rc.write.1.tlog
D:\visual studio 2012\C++Projects\EDIFIER\EDIFIER\Debug\link.10312.read.1.tlog
D:\visual studio 2012\C++Projects\EDIFIER\EDIFIER\Debug\link.10312.write.1.tlog
D:\visual studio 2012\C++Projects\EDIFIER\EDIFIER\Debug\link.12264-cvtres.read.1.tlog
D:\visual studio 2012\C++Projects\EDIFIER\EDIFIER\Debug\link.12264-cvtres.write.1.tlog
D:\visual studio 2012\C++Projects\EDIFIER\EDIFIER\Debug\link.12264-rc.read.1.tlog
D:\visual studio 2012\C++Projects\EDIFIER\EDIFIER\Debug\link.12264-rc.write.1.tlog
D:\visual studio 2012\C++Projects\EDIFIER\EDIFIER\Debug\link.12264.read.1.tlog
D:\visual studio 2012\C++Projects\EDIFIER\EDIFIER\Debug\link.12264.write.1.tlog
D:\visual studio 2012\C++Projects\EDIFIER\EDIFIER\Debug\link.3816-cvtres.read.1.tlog
D:\visual studio 2012\C++Projects\EDIFIER\EDIFIER\Debug\link.3816-cvtres.write.1.tlog
D:\visual studio 2012\C++Projects\EDIFIER\EDIFIER\Debug\link.3816-rc.read.1.tlog
D:\visual studio 2012\C++Projects\EDIFIER\EDIFIER\Debug\link.3816-rc.write.1.tlog
D:\visual studio 2012\C++Projects\EDIFIER\EDIFIER\Debug\link.3816.read.1.tlog
D:\visual studio 2012\C++Projects\EDIFIER\EDIFIER\Debug\link.3816.write.1.tlog
D:\visual studio 2012\C++Projects\EDIFIER\EDIFIER\Debug\link.4160-cvtres.read.1.tlog
D:\visual studio 2012\C++Projects\EDIFIER\EDIFIER\Debug\link.4160-cvtres.write.1.tlog
D:\visual studio 2012\C++Projects\EDIFIER\EDIFIER\Debug\link.4160-rc.read.1.tlog
D:\visual studio 2012\C++Projects\EDIFIER\EDIFIER\Debug\link.4160-rc.write.1.tlog
D:\visual studio 2012\C++Projects\EDIFIER\EDIFIER\Debug\link.4160.read.1.tlog
D:\visual studio 2012\C++Projects\EDIFIER\EDIFIER\Debug\link.4160.write.1.tlog
D:\visual studio 2012\C++Projects\EDIFIER\EDIFIER\Debug\link.4988-cvtres.read.1.tlog
D:\visual studio 2012\C++Projects\EDIFIER\EDIFIER\Debug\link.4988-cvtres.write.1.tlog
D:\visual studio 2012\C++Projects\EDIFIER\EDIFIER\Debug\link.4988-rc.read.1.tlog
D:\visual studio 2012\C++Projects\EDIFIER\EDIFIER\Debug\link.4988-rc.write.1.tlog
D:\visual studio 2012\C++Projects\EDIFIER\EDIFIER\Debug\link.4988.read.1.tlog
D:\visual studio 2012\C++Projects\EDIFIER\EDIFIER\Debug\link.4988.write.1.tlog
D:\visual studio 2012\C++Projects\EDIFIER\EDIFIER\Debug\link.5088-cvtres.read.1.tlog
D:\visual studio 2012\C++Projects\EDIFIER\EDIFIER\Debug\link.5088-cvtres.write.1.tlog
D:\visual studio 2012\C++Projects\EDIFIER\EDIFIER\Debug\link.5088-rc.read.1.tlog
D:\visual studio 2012\C++Projects\EDIFIER\EDIFIER\Debug\link.5088-rc.write.1.tlog
D:\visual studio 2012\C++Projects\EDIFIER\EDIFIER\Debug\link.5088.read.1.tlog
D:\visual studio 2012\C++Projects\EDIFIER\EDIFIER\Debug\link.5088.write.1.tlog
D:\visual studio 2012\C++Projects\EDIFIER\EDIFIER\Debug\link.6584-cvtres.read.1.tlog
D:\visual studio 2012\C++Projects\EDIFIER\EDIFIER\Debug\link.6584-cvtres.write.1.tlog
D:\visual studio 2012\C++Projects\EDIFIER\EDIFIER\Debug\link.6584-rc.read.1.tlog
D:\visual studio 2012\C++Projects\EDIFIER\EDIFIER\Debug\link.6584-rc.write.1.tlog
D:\visual studio 2012\C++Projects\EDIFIER\EDIFIER\Debug\link.6584.read.1.tlog
D:\visual studio 2012\C++Projects\EDIFIER\EDIFIER\Debug\link.6584.write.1.tlog
D:\visual studio 2012\C++Projects\EDIFIER\EDIFIER\Debug\link.7476-cvtres.read.1.tlog
D:\visual studio 2012\C++Projects\EDIFIER\EDIFIER\Debug\link.7476-cvtres.write.1.tlog
D:\visual studio 2012\C++Projects\EDIFIER\EDIFIER\Debug\link.7476-rc.read.1.tlog
D:\visual studio 2012\C++Projects\EDIFIER\EDIFIER\Debug\link.7476-rc.write.1.tlog
D:\visual studio 2012\C++Projects\EDIFIER\EDIFIER\Debug\link.7476.read.1.tlog
D:\visual studio 2012\C++Projects\EDIFIER\EDIFIER\Debug\link.7476.write.1.tlog
D:\visual studio 2012\C++Projects\EDIFIER\EDIFIER\Debug\link.8048-cvtres.read.1.tlog
D:\visual studio 2012\C++Projects\EDIFIER\EDIFIER\Debug\link.8048-cvtres.write.1.tlog
D:\visual studio 2012\C++Projects\EDIFIER\EDIFIER\Debug\link.8048-rc.read.1.tlog
D:\visual studio 2012\C++Projects\EDIFIER\EDIFIER\Debug\link.8048-rc.write.1.tlog
D:\visual studio 2012\C++Projects\EDIFIER\EDIFIER\Debug\link.8048.read.1.tlog
D:\visual studio 2012\C++Projects\EDIFIER\EDIFIER\Debug\link.8048.write.1.tlog
D:\visual studio 2012\C++Projects\EDIFIER\EDIFIER\Debug\link.command.1.tlog
D:\visual studio 2012\C++Projects\EDIFIER\EDIFIER\Debug\link.read.1.tlog
D:\visual studio 2012\C++Projects\EDIFIER\EDIFIER\Debug\link.write.1.tlog
D:\visual studio 2012\C++Projects\EDIFIER\EDIFIER\Debug\vc110.idb
D:\visual studio 2012\C++Projects\EDIFIER\EDIFIER\Debug\vc110.pdb
D:\visual studio 2012\C++Projects\EDIFIER\Debug\EDIFIER.pdb
D:\visual studio 2012\C++Projects\EDIFIER\Debug\EDIFIER.exe
D:\visual studio 2012\C++Projects\EDIFIER\Debug\EDIFIER.ilk
