[2015-04-16 14:55:52]	Cannot open user dictionary ./\Data\UserDict.pdat
[2015-04-16 14:55:52]	Cannot open field dictionary ./\Data\FieldDict.pdat
[2015-04-16 14:55:52]	Cannot open field dictionary POS data ./\Data\FieldDict.pos
[2015-04-16 14:55:52]	Cannot open file 
[2015-04-16 14:55:52]	./\Data\KeyBlackList.pdat
[2015-04-16 15:00:59]	Cannot open user dictionary ./\Data\UserDict.pdat
[2015-04-16 15:00:59]	Cannot open file 
[2015-04-16 15:00:59]	./\Data\KeyBlackList.pdat
[2015-04-16 15:05:58]	Cannot open user dictionary ./\Data\UserDict.pdat
[2015-04-16 15:05:58]	Cannot open file 
[2015-04-16 15:05:58]	./\Data\KeyBlackList.pdat
[2015-04-16 15:18:55]	Cannot open user dictionary ./\Data\UserDict.pdat
[2015-04-16 15:18:55]	Cannot open file 
[2015-04-16 15:18:55]	./\Data\KeyBlackList.pdat
[2015-04-16 15:21:08]	Cannot open user dictionary ./\Data\UserDict.pdat
[2015-04-16 15:21:08]	Cannot open file 
[2015-04-16 15:21:08]	./\Data\KeyBlackList.pdat
[2015-04-16 15:32:17]	Cannot open user dictionary ./\Data\UserDict.pdat
[2015-04-16 15:32:17]	Cannot open file 
[2015-04-16 15:32:17]	./\Data\KeyBlackList.pdat
[2015-04-16 15:36:34]	Cannot open user dictionary ./\Data\UserDict.pdat
[2015-04-16 15:36:34]	Cannot open file 
[2015-04-16 15:36:34]	./\Data\KeyBlackList.pdat
[2015-04-16 15:39:00]	Cannot open user dictionary ./\Data\UserDict.pdat
[2015-04-16 15:39:00]	Cannot open file 
[2015-04-16 15:39:00]	./\Data\KeyBlackList.pdat
[2015-04-16 15:45:38]	Cannot open user dictionary ./\Data\UserDict.pdat
[2015-04-16 15:45:38]	Cannot open file 
[2015-04-16 15:45:38]	./\Data\KeyBlackList.pdat
[2015-04-16 15:59:45]	Cannot open user dictionary ./\Data\UserDict.pdat
[2015-04-16 15:59:45]	Cannot open file 
[2015-04-16 15:59:45]	./\Data\KeyBlackList.pdat
[2015-04-16 16:08:19]	Cannot open user dictionary ./\Data\UserDict.pdat
[2015-04-16 16:08:19]	Cannot open file 
[2015-04-16 16:08:19]	./\Data\KeyBlackList.pdat
[2015-04-16 16:14:39]	Cannot open user dictionary ./\Data\UserDict.pdat
[2015-04-16 16:14:39]	Cannot open file 
[2015-04-16 16:14:39]	./\Data\KeyBlackList.pdat
[2015-04-16 16:21:46]	Cannot open user dictionary ./\Data\UserDict.pdat
[2015-04-16 16:21:46]	Cannot open file 
[2015-04-16 16:21:46]	./\Data\KeyBlackList.pdat
[2015-04-16 16:29:54]	Cannot open user dictionary ./\Data\UserDict.pdat
[2015-04-16 16:29:54]	Cannot open file 
[2015-04-16 16:29:54]	./\Data\KeyBlackList.pdat
[2015-04-16 16:36:53]	Cannot open user dictionary ./\Data\UserDict.pdat
[2015-04-16 16:36:53]	Cannot open file 
[2015-04-16 16:36:53]	./\Data\KeyBlackList.pdat
[2015-04-16 16:50:57]	Cannot open user dictionary ./\Data\UserDict.pdat
[2015-04-16 16:50:57]	Cannot open file 
[2015-04-16 16:50:57]	./\Data\KeyBlackList.pdat
[2015-04-16 17:18:13]	Cannot open user dictionary ./\Data\UserDict.pdat
[2015-04-16 17:18:13]	Cannot open file 
[2015-04-16 17:18:13]	./\Data\KeyBlackList.pdat
[2015-04-16 21:17:15]	Cannot open user dictionary ./\Data\UserDict.pdat
[2015-04-16 21:17:15]	Cannot open file 
[2015-04-16 21:17:15]	./\Data\KeyBlackList.pdat
[2015-04-16 21:36:43]	Cannot open user dictionary ./\Data\UserDict.pdat
[2015-04-16 21:36:43]	Cannot open file 
[2015-04-16 21:36:43]	./\Data\KeyBlackList.pdat
[2015-04-16 21:54:33]	Cannot open user dictionary ./\Data\UserDict.pdat
[2015-04-16 21:54:33]	Cannot open file 
[2015-04-16 21:54:33]	./\Data\KeyBlackList.pdat
[2015-04-16 22:26:26]	Cannot open user dictionary ./\Data\UserDict.pdat
[2015-04-16 22:26:26]	Cannot open file 
[2015-04-16 22:26:26]	./\Data\KeyBlackList.pdat
[2015-04-16 22:36:05]	Cannot open user dictionary ./\Data\UserDict.pdat
[2015-04-16 22:36:05]	Cannot open file 
[2015-04-16 22:36:05]	./\Data\KeyBlackList.pdat
[2015-04-16 22:38:04]	Cannot open user dictionary ./\Data\UserDict.pdat
[2015-04-16 22:38:04]	Cannot open file 
[2015-04-16 22:38:04]	./\Data\KeyBlackList.pdat
[2015-04-16 22:48:18]	Cannot open user dictionary ./\Data\UserDict.pdat
[2015-04-16 22:48:18]	Cannot open file 
[2015-04-16 22:48:18]	./\Data\KeyBlackList.pdat
