一德
一晚
一闪
上下九
上下九步行街
下午茶
东门
中山纪念堂
乘坐地铁
乳鸽
云吞
云吞面
五羊石像
五羊雕塑
亲子
仿哥特式
体育中心
值得一
光孝寺
兰桂坊
冰室
凉茶
凤爪
创意产业
创意园
到达广州
券廊式
动物世界
北京路步行街
北帝庙
北门
华南植物园
南信
南校区
南沙湿地
南粤苑
印象园
历史文化
叉烧
叉烧包
取票
古树
古港
古港码头
古港遗风
可以看到
可以选择
合照
味道不错
咖啡厅
咸煎饼
哥特式建筑
喝早茶
团购
国立中山大学
地铁口
坐公交
坐地铁
坑爹
夜游珠江
大众点评
大夫山
大头虾
大学城
天河城
天河客运站
奶婆
奶婆姜撞奶
好多好多
妈祖庙
妹纸
姜撞奶
姜汁
官网
宝华面
宝华面店
岭南印象园
岭南建筑
岭南水乡
左转
广东省博物馆
广州东
广州人民
广州南
广州南站
广州博物馆
广州城
广州塔
广州市区
广州火车站
广州酒家
度假区
建筑风格
开放时间
微博
惠食佳
拉肠
拱北口岸
指示牌
搭地铁
携程
摩星岭
新河浦
旅舍
旺角
星光大道
校区
检票
森林公园
楼主
榴莲酥
榴莲雪糕
欢乐世界
欧洲小镇
步行区
水上巴士
江南西
沙湾
沙湾古镇
沙面
沙面岛
泡温泉
泮溪
泮溪酒家
海珠广场
海鸥岛
淘宝
湿地公园
濑粉
火炉山
灰塑
炖品
煎饺
煲仔
煲仔饭
熊猫餐厅
爽滑
爽鱼皮
牛三星
牛杂
牛腩
猪扒
猪脚姜
猫记
猫记艇仔粥
王博物馆
王墓
王墓博物馆
珠江夜游
珠江新城
珠江边
琶洲
甜品专家
甜品店
生蚝
留耕堂
登塔
白云山
白云机场
白天鹅宾馆
白水寨
白虎餐厅
百度地图
皇上皇
石围塘
石室
石结构
石门森林公园
砖雕
祖庙
稻香
穷游
穿梭巴士
糯米鸡
红专厂
红砖厂
网上订
羊城八景
羊城通
肠粉
肠粉店
艇仔
艇仔粥
花城广场
茶餐厅
荔枝湾
荔枝湾涌
荔湾
莲花山
莲香楼
菜式
菠萝包
萝卜糕
虾饺
蚝壳
蜂友
街边
西关
观景
赤岗塔
越秀公园
越秀山
跳楼机
转乘
还有一
还有很多
退卡
退房
逛完
逵园
野生动物世界
铜锣湾
银记
银记肠粉
银记肠粉店
镇海楼
防晒
陈家祠
陶塑
青年旅舍
青旅
面店
顺记
顺记冰室
马蹄糕
驴友
骑楼
鱼丸
鱼珠
鱼珠码头
鱼皮
鱼蛋
鱼蛋粉
鲜虾
鲜虾云吞
鳄鱼公园
黄埔军校
黄埔军校旧址
黄埔古
黄埔古港
